<?xml version="1.0" encoding="UTF-8"?>
<!-- Generated by org.testng.reporters.JUnitReportReporter -->
<testsuite hostname="OutlawTech" name="LogInLogOutTest" tests="2" failures="0" timestamp="4 Jan 2014 05:45:07 GMT" time="4.567" errors="0">
  <testcase name="log_Out" time="0.829" classname="LogInLogOutTest"/>
  <testcase name="logIn_Test" time="3.738" classname="LogInLogOutTest"/>
</testsuite> <!-- LogInLogOutTest -->
